Arguments: 
  /Users/fanyshu/.nvm/versions/node/v10.15.0/bin/node /Users/fanyshu/.nvm/versions/node/v10.15.0/bin/yarn

PATH: 
  /Users/fanyshu/.nvm/versions/node/v10.15.0/bin:/usr/local/bin:/usr/bin:/bin:/usr/sbin:/sbin:/usr/local/go/bin:/usr/local/share/dotnet:/Library/Frameworks/Mono.framework/Versions/Current/Commands:/Applications/Xamarin Workbooks.app/Contents/SharedSupport/path-bin:/Users/fanyshu/.nvm/versions/node/v10.15.0/bin:/Users/fanyshu/bin:/Users/fanyshu/go/bin:/Users/fanyshu/.cargo/bin:/Users/fanyshu/bin:/Users/fanyshu/go/bin:/Users/fanyshu/.cargo/bin

Yarn version: 
  1.13.0

Node version: 
  10.15.0

Platform: 
  darwin x64

Trace: 
  SyntaxError: /Users/fanyshu/Documents/Projects/RUST/rsa-lib/package.json: Unexpected token } in JSON at position 186
      at JSON.parse (<anonymous>)
      at /Users/fanyshu/.nvm/versions/node/v10.15.0/lib/node_modules/yarn/lib/cli.js:1625:59
      at Generator.next (<anonymous>)
      at step (/Users/fanyshu/.nvm/versions/node/v10.15.0/lib/node_modules/yarn/lib/cli.js:304:30)
      at /Users/fanyshu/.nvm/versions/node/v10.15.0/lib/node_modules/yarn/lib/cli.js:315:13

npm manifest: 
  {
    "name": "rsa-lib",
    "version": "1.0.0",
    "main": "index.js",
    "author": "Ilya fanyShu <ilyashvy@gmail.com>",
    "license": "MIT",
    "dependencies": {
      "cross-fetch": "3.0.0",
    }
  }

yarn manifest: 
  No manifest

Lockfile: 
  No lockfile
